# JRE version: OpenJDK Runtime Environment (8.0_242) (build 1.8.0_242-release-1644-b3-6222593)
# Java VM: OpenJDK 64-Bit Server VM (25.242-b3-6222593 mixed mode linux-amd64 compressed oops)
Heap:
 PSYoungGen      total 538624K, used 239408K [0x00000000d5580000, 0x0000000100000000, 0x0000000100000000)
  eden space 378368K, 55% used [0x00000000d5580000,0x00000000e24117c8,0x00000000ec700000)
  from space 160256K, 17% used [0x00000000ec700000,0x00000000ee23aa00,0x00000000f6380000)
  to   space 154112K, 0% used [0x00000000f6980000,0x00000000f6980000,0x0000000100000000)
 ParOldGen       total 531968K, used 460614K [0x0000000080000000, 0x00000000a0780000, 0x00000000d5580000)
  object space 531968K, 86% used [0x0000000080000000,0x000000009c1d1870,0x00000000a0780000)
 Metaspace       used 275332K, capacity 287896K, committed 288152K, reserved 1302528K
  class space    used 32077K, capacity 34188K, committed 34224K, reserved 1048576K
GC Heap History (10 events):
Event: 5317.599 GC heap before
{Heap before GC invocations=108 (full 7):
 PSYoungGen      total 540160K, used 416435K [0x00000000d5580000, 0x00000000ff500000, 0x0000000100000000)
  eden space 402944K, 100% used [0x00000000d5580000,0x00000000edf00000,0x00000000edf00000)
  from space 137216K, 9% used [0x00000000f6f00000,0x00000000f7c2ccb8,0x00000000ff500000)
  to   space 142336K, 0% used [0x00000000edf00000,0x00000000edf00000,0x00000000f6a00000)
 ParOldGen       total 531968K, used 458843K [0x0000000080000000, 0x00000000a0780000, 0x00000000d5580000)
  object space 531968K, 86% used [0x0000000080000000,0x000000009c016ed0,0x00000000a0780000)
 Metaspace       used 264568K, capacity 277004K, committed 277272K, reserved 1294336K
  class space    used 30903K, capacity 32990K, committed 33072K, reserved 1048576K
Event: 5317.640 GC heap after
Heap after GC invocations=108 (full 7):
 PSYoungGen      total 545280K, used 95445K [0x00000000d5580000, 0x0000000100000000, 0x0000000100000000)
  eden space 402944K, 0% used [0x00000000d5580000,0x00000000d5580000,0x00000000edf00000)
  from space 142336K, 67% used [0x00000000edf00000,0x00000000f3c355b0,0x00000000f6a00000)
  to   space 152064K, 0% used [0x00000000f6b80000,0x00000000f6b80000,0x0000000100000000)
 ParOldGen       total 531968K, used 458851K [0x0000000080000000, 0x00000000a0780000, 0x00000000d5580000)
  object space 531968K, 86% used [0x0000000080000000,0x000000009c018ed0,0x00000000a0780000)
 Metaspace       used 264568K, capacity 277004K, committed 277272K, reserved 1294336K
  class space    used 30903K, capacity 32990K, committed 33072K, reserved 1048576K
}
Event: 5430.830 GC heap before
{Heap before GC invocations=109 (full 7):
 PSYoungGen      total 545280K, used 498389K [0x00000000d5580000, 0x0000000100000000, 0x0000000100000000)
  eden space 402944K, 100% used [0x00000000d5580000,0x00000000edf00000,0x00000000edf00000)
  from space 142336K, 67% used [0x00000000edf00000,0x00000000f3c355b0,0x00000000f6a00000)
  to   space 152064K, 0% used [0x00000000f6b80000,0x00000000f6b80000,0x0000000100000000)
 ParOldGen       total 531968K, used 458851K [0x0000000080000000, 0x00000000a0780000, 0x00000000d5580000)
  object space 531968K, 86% used [0x0000000080000000,0x000000009c018ed0,0x00000000a0780000)
 Metaspace       used 265574K, capacity 277966K, committed 278040K, reserved 1294336K
  class space    used 30997K, capacity 33067K, committed 33072K, reserved 1048576K
Event: 5430.846 GC heap after
Heap after GC invocations=109 (full 7):
 PSYoungGen      total 551424K, used 15730K [0x00000000d5580000, 0x00000000fff80000, 0x0000000100000000)
  eden space 399872K, 0% used [0x00000000d5580000,0x00000000d5580000,0x00000000edc00000)
  from space 151552K, 10% used [0x00000000f6b80000,0x00000000f7adcb38,0x00000000fff80000)
  to   space 146944K, 0% used [0x00000000edc00000,0x00000000edc00000,0x00000000f6b80000)
 ParOldGen       total 531968K, used 459227K [0x0000000080000000, 0x00000000a0780000, 0x00000000d5580000)
  object space 531968K, 86% used [0x0000000080000000,0x000000009c076f18,0x00000000a0780000)
 Metaspace       used 265574K, capacity 277966K, committed 278040K, reserved 1294336K
  class space    used 30997K, capacity 33067K, committed 33072K, reserved 1048576K
}
Event: 5432.179 GC heap before
{Heap before GC invocations=110 (full 7):
 PSYoungGen      total 551424K, used 415602K [0x00000000d5580000, 0x00000000fff80000, 0x0000000100000000)
  eden space 399872K, 100% used [0x00000000d5580000,0x00000000edc00000,0x00000000edc00000)
  from space 151552K, 10% used [0x00000000f6b80000,0x00000000f7adcb38,0x00000000fff80000)
  to   space 146944K, 0% used [0x00000000edc00000,0x00000000edc00000,0x00000000f6b80000)
 ParOldGen       total 531968K, used 459227K [0x0000000080000000, 0x00000000a0780000, 0x00000000d5580000)
  object space 531968K, 86% used [0x0000000080000000,0x000000009c076f18,0x00000000a0780000)
 Metaspace       used 267484K, capacity 279918K, committed 280088K, reserved 1296384K
  class space    used 31193K, capacity 33269K, committed 33328K, reserved 1048576K
Event: 5432.202 GC heap after
Heap after GC invocations=110 (full 7):
 PSYoungGen      total 466432K, used 66245K [0x00000000d5580000, 0x00000000ff780000, 0x0000000100000000)
  eden space 399872K, 0% used [0x00000000d5580000,0x00000000d5580000,0x00000000edc00000)
  from space 66560K, 99% used [0x00000000edc00000,0x00000000f1cb14b8,0x00000000f1d00000)
  to   space 144896K, 0% used [0x00000000f6a00000,0x00000000f6a00000,0x00000000ff780000)
 ParOldGen       total 531968K, used 459235K [0x0000000080000000, 0x00000000a0780000, 0x00000000d5580000)
  object space 531968K, 86% used [0x0000000080000000,0x000000009c078f18,0x00000000a0780000)
 Metaspace       used 267484K, capacity 279918K, committed 280088K, reserved 1296384K
  class space    used 31193K, capacity 33269K, committed 33328K, reserved 1048576K
}
Event: 5433.694 GC heap before
{Heap before GC invocations=111 (full 7):
 PSYoungGen      total 466432K, used 466117K [0x00000000d5580000, 0x00000000ff780000, 0x0000000100000000)
  eden space 399872K, 100% used [0x00000000d5580000,0x00000000edc00000,0x00000000edc00000)
  from space 66560K, 99% used [0x00000000edc00000,0x00000000f1cb14b8,0x00000000f1d00000)
  to   space 144896K, 0% used [0x00000000f6a00000,0x00000000f6a00000,0x00000000ff780000)
 ParOldGen       total 531968K, used 459235K [0x0000000080000000, 0x00000000a0780000, 0x00000000d5580000)
  object space 531968K, 86% used [0x0000000080000000,0x000000009c078f18,0x00000000a0780000)
 Metaspace       used 273520K, capacity 286066K, committed 286488K, reserved 1302528K
  class space    used 31888K, capacity 33985K, committed 34096K, reserved 1048576K
Event: 5433.738 GC heap after
Heap after GC invocations=111 (full 7):
 PSYoungGen      total 523264K, used 114552K [0x00000000d5580000, 0x0000000100000000, 0x0000000100000000)
  eden space 378368K, 0% used [0x00000000d5580000,0x00000000d5580000,0x00000000ec700000)
  from space 144896K, 79% used [0x00000000f6a00000,0x00000000fd9de2e0,0x00000000ff780000)
  to   space 160256K, 0% used [0x00000000ec700000,0x00000000ec700000,0x00000000f6380000)
 ParOldGen       total 531968K, used 459243K [0x0000000080000000, 0x00000000a0780000, 0x00000000d5580000)
  object space 531968K, 86% used [0x0000000080000000,0x000000009c07af18,0x00000000a0780000)
 Metaspace       used 273520K, capacity 286066K, committed 286488K, reserved 1302528K
  class space    used 31888K, capacity 33985K, committed 34096K, reserved 1048576K
}
Event: 5865.829 GC heap before
{Heap before GC invocations=112 (full 7):
 PSYoungGen      total 523264K, used 492920K [0x00000000d5580000, 0x0000000100000000, 0x0000000100000000)
  eden space 378368K, 100% used [0x00000000d5580000,0x00000000ec700000,0x00000000ec700000)
  from space 144896K, 79% used [0x00000000f6a00000,0x00000000fd9de2e0,0x00000000ff780000)
  to   space 160256K, 0% used [0x00000000ec700000,0x00000000ec700000,0x00000000f6380000)
 ParOldGen       total 531968K, used 459243K [0x0000000080000000, 0x00000000a0780000, 0x00000000d5580000)
  object space 531968K, 86% used [0x0000000080000000,0x000000009c07af18,0x00000000a0780000)
 Metaspace       used 273558K, capacity 286078K, committed 286488K, reserved 1302528K
  class space    used 31890K, capacity 33987K, committed 34096K, reserved 1048576K
Event: 5865.846 GC heap after
Heap after GC invocations=112 (full 7):
 PSYoungGen      total 538624K, used 27882K [0x00000000d5580000, 0x0000000100000000, 0x0000000100000000)
  eden space 378368K, 0% used [0x00000000d5580000,0x00000000d5580000,0x00000000ec700000)
  from space 160256K, 17% used [0x00000000ec700000,0x00000000ee23aa00,0x00000000f6380000)
  to   space 154112K, 0% used [0x00000000f6980000,0x00000000f6980000,0x0000000100000000)
 ParOldGen       total 531968K, used 460614K [0x0000000080000000, 0x00000000a0780000, 0x00000000d5580000)
  object space 531968K, 86% used [0x0000000080000000,0x000000009c1d1870,0x00000000a0780000)
 Metaspace       used 273558K, capacity 286078K, committed 286488K, reserved 1302528K
  class space    used 31890K, capacity 33987K, committed 34096K, reserved 1048576K
}

