# JRE version: OpenJDK Runtime Environment (8.0_242) (build 1.8.0_242-release-1644-b3-6222593)
# Java VM: OpenJDK 64-Bit Server VM (25.242-b3-6222593 mixed mode linux-amd64 compressed oops)
Heap:
 PSYoungGen      total 557568K, used 557546K [0x00000000d5580000, 0x0000000100000000, 0x0000000100000000)
  eden space 501248K, 100% used [0x00000000d5580000,0x00000000f3f00000,0x00000000f3f00000)
  from space 56320K, 99% used [0x00000000fc900000,0x00000000ffffa8b8,0x0000000100000000)
  to   space 98816K, 21% used [0x00000000f3f00000,0x00000000f53a7bc0,0x00000000f9f80000)
 ParOldGen       total 310784K, used 235648K [0x0000000080000000, 0x0000000092f80000, 0x00000000d5580000)
  object space 310784K, 75% used [0x0000000080000000,0x000000008e6201e0,0x0000000092f80000)
 Metaspace       used 105903K, capacity 110428K, committed 110616K, reserved 1144832K
  class space    used 13715K, capacity 14593K, committed 14640K, reserved 1048576K
GC Heap History (10 events):
Event: 12.121 GC heap after
Heap after GC invocations=16 (full 3):
 PSYoungGen      total 591360K, used 34407K [0x00000000d5580000, 0x0000000100000000, 0x0000000100000000)
  eden space 538112K, 0% used [0x00000000d5580000,0x00000000d5580000,0x00000000f6300000)
  from space 53248K, 64% used [0x00000000f6300000,0x00000000f8499ef8,0x00000000f9700000)
  to   space 54272K, 0% used [0x00000000fcb00000,0x00000000fcb00000,0x0000000100000000)
 ParOldGen       total 182784K, used 128883K [0x0000000080000000, 0x000000008b280000, 0x00000000d5580000)
  object space 182784K, 70% used [0x0000000080000000,0x0000000087ddcd00,0x000000008b280000)
 Metaspace       used 93883K, capacity 98412K, committed 98600K, reserved 1134592K
  class space    used 12533K, capacity 13369K, committed 13488K, reserved 1048576K
}
Event: 12.121 GC heap before
{Heap before GC invocations=17 (full 4):
 PSYoungGen      total 591360K, used 34407K [0x00000000d5580000, 0x0000000100000000, 0x0000000100000000)
  eden space 538112K, 0% used [0x00000000d5580000,0x00000000d5580000,0x00000000f6300000)
  from space 53248K, 64% used [0x00000000f6300000,0x00000000f8499ef8,0x00000000f9700000)
  to   space 54272K, 0% used [0x00000000fcb00000,0x00000000fcb00000,0x0000000100000000)
 ParOldGen       total 182784K, used 128883K [0x0000000080000000, 0x000000008b280000, 0x00000000d5580000)
  object space 182784K, 70% used [0x0000000080000000,0x0000000087ddcd00,0x000000008b280000)
 Metaspace       used 93883K, capacity 98412K, committed 98600K, reserved 1134592K
  class space    used 12533K, capacity 13369K, committed 13488K, reserved 1048576K
Event: 12.349 GC heap after
Heap after GC invocations=17 (full 4):
 PSYoungGen      total 591360K, used 0K [0x00000000d5580000, 0x0000000100000000, 0x0000000100000000)
  eden space 538112K, 0% used [0x00000000d5580000,0x00000000d5580000,0x00000000f6300000)
  from space 53248K, 0% used [0x00000000f6300000,0x00000000f6300000,0x00000000f9700000)
  to   space 54272K, 0% used [0x00000000fcb00000,0x00000000fcb00000,0x0000000100000000)
 ParOldGen       total 310784K, used 105828K [0x0000000080000000, 0x0000000092f80000, 0x00000000d5580000)
  object space 310784K, 34% used [0x0000000080000000,0x00000000867593b8,0x0000000092f80000)
 Metaspace       used 93611K, capacity 97594K, committed 98600K, reserved 1134592K
  class space    used 12446K, capacity 13216K, committed 13488K, reserved 1048576K
}
Event: 13.091 GC heap before
{Heap before GC invocations=18 (full 4):
 PSYoungGen      total 591360K, used 538112K [0x00000000d5580000, 0x0000000100000000, 0x0000000100000000)
  eden space 538112K, 100% used [0x00000000d5580000,0x00000000f6300000,0x00000000f6300000)
  from space 53248K, 0% used [0x00000000f6300000,0x00000000f6300000,0x00000000f9700000)
  to   space 54272K, 0% used [0x00000000fcb00000,0x00000000fcb00000,0x0000000100000000)
 ParOldGen       total 310784K, used 105828K [0x0000000080000000, 0x0000000092f80000, 0x00000000d5580000)
  object space 310784K, 34% used [0x0000000080000000,0x00000000867593b8,0x0000000092f80000)
 Metaspace       used 96731K, capacity 100766K, committed 101784K, reserved 1136640K
  class space    used 12696K, capacity 13482K, committed 13744K, reserved 1048576K
Event: 13.107 GC heap after
Heap after GC invocations=18 (full 4):
 PSYoungGen      total 640512K, used 24277K [0x00000000d5580000, 0x00000000ffb00000, 0x0000000100000000)
  eden space 591360K, 0% used [0x00000000d5580000,0x00000000d5580000,0x00000000f9700000)
  from space 49152K, 49% used [0x00000000fcb00000,0x00000000fe2b5430,0x00000000ffb00000)
  to   space 51200K, 0% used [0x00000000f9700000,0x00000000f9700000,0x00000000fc900000)
 ParOldGen       total 310784K, used 105836K [0x0000000080000000, 0x0000000092f80000, 0x00000000d5580000)
  object space 310784K, 34% used [0x0000000080000000,0x000000008675b3b8,0x0000000092f80000)
 Metaspace       used 96731K, capacity 100766K, committed 101784K, reserved 1136640K
  class space    used 12696K, capacity 13482K, committed 13744K, reserved 1048576K
}
Event: 14.219 GC heap before
{Heap before GC invocations=19 (full 4):
 PSYoungGen      total 640512K, used 615637K [0x00000000d5580000, 0x00000000ffb00000, 0x0000000100000000)
  eden space 591360K, 100% used [0x00000000d5580000,0x00000000f9700000,0x00000000f9700000)
  from space 49152K, 49% used [0x00000000fcb00000,0x00000000fe2b5430,0x00000000ffb00000)
  to   space 51200K, 0% used [0x00000000f9700000,0x00000000f9700000,0x00000000fc900000)
 ParOldGen       total 310784K, used 105836K [0x0000000080000000, 0x0000000092f80000, 0x00000000d5580000)
  object space 310784K, 34% used [0x0000000080000000,0x000000008675b3b8,0x0000000092f80000)
 Metaspace       used 104214K, capacity 108642K, committed 108952K, reserved 1144832K
  class space    used 13578K, capacity 14444K, committed 14512K, reserved 1048576K
Event: 14.266 GC heap after
Heap after GC invocations=19 (full 4):
 PSYoungGen      total 642560K, used 51178K [0x00000000d5580000, 0x0000000100000000, 0x0000000100000000)
  eden space 591360K, 0% used [0x00000000d5580000,0x00000000d5580000,0x00000000f9700000)
  from space 51200K, 99% used [0x00000000f9700000,0x00000000fc8fabe0,0x00000000fc900000)
  to   space 56320K, 0% used [0x00000000fc900000,0x00000000fc900000,0x0000000100000000)
 ParOldGen       total 310784K, used 139126K [0x0000000080000000, 0x0000000092f80000, 0x00000000d5580000)
  object space 310784K, 44% used [0x0000000080000000,0x00000000887dd858,0x0000000092f80000)
 Metaspace       used 104214K, capacity 108642K, committed 108952K, reserved 1144832K
  class space    used 13578K, capacity 14444K, committed 14512K, reserved 1048576K
}
Event: 15.240 GC heap before
{Heap before GC invocations=20 (full 4):
 PSYoungGen      total 642560K, used 642538K [0x00000000d5580000, 0x0000000100000000, 0x0000000100000000)
  eden space 591360K, 100% used [0x00000000d5580000,0x00000000f9700000,0x00000000f9700000)
  from space 51200K, 99% used [0x00000000f9700000,0x00000000fc8fabe0,0x00000000fc900000)
  to   space 56320K, 0% used [0x00000000fc900000,0x00000000fc900000,0x0000000100000000)
 ParOldGen       total 310784K, used 139126K [0x0000000080000000, 0x0000000092f80000, 0x00000000d5580000)
  object space 310784K, 44% used [0x0000000080000000,0x00000000887dd858,0x0000000092f80000)
 Metaspace       used 105689K, capacity 110124K, committed 110360K, reserved 1144832K
  class space    used 13687K, capacity 14521K, committed 14640K, reserved 1048576K
Event: 15.296 GC heap after
Heap after GC invocations=20 (full 4):
 PSYoungGen      total 557568K, used 56298K [0x00000000d5580000, 0x0000000100000000, 0x0000000100000000)
  eden space 501248K, 0% used [0x00000000d5580000,0x00000000d5580000,0x00000000f3f00000)
  from space 56320K, 99% used [0x00000000fc900000,0x00000000ffffa8b8,0x0000000100000000)
  to   space 98816K, 0% used [0x00000000f3f00000,0x00000000f3f00000,0x00000000f9f80000)
 ParOldGen       total 310784K, used 199550K [0x0000000080000000, 0x0000000092f80000, 0x00000000d5580000)
  object space 310784K, 64% used [0x0000000080000000,0x000000008c2dfbd0,0x0000000092f80000)
 Metaspace       used 105689K, capacity 110124K, committed 110360K, reserved 1144832K
  class space    used 13687K, capacity 14521K, committed 14640K, reserved 1048576K
}
Event: 16.353 GC heap before
{Heap before GC invocations=21 (full 4):
 PSYoungGen      total 557568K, used 557546K [0x00000000d5580000, 0x0000000100000000, 0x0000000100000000)
  eden space 501248K, 100% used [0x00000000d5580000,0x00000000f3f00000,0x00000000f3f00000)
  from space 56320K, 99% used [0x00000000fc900000,0x00000000ffffa8b8,0x0000000100000000)
  to   space 98816K, 0% used [0x00000000f3f00000,0x00000000f3f00000,0x00000000f9f80000)
 ParOldGen       total 310784K, used 199550K [0x0000000080000000, 0x0000000092f80000, 0x00000000d5580000)
  object space 310784K, 64% used [0x0000000080000000,0x000000008c2dfbd0,0x0000000092f80000)
 Metaspace       used 105903K, capacity 110428K, committed 110616K, reserved 1144832K
  class space    used 13715K, capacity 14593K, committed 14640K, reserved 1048576K

